<?xml version="1.0" encoding="UTF-8"?>
<testsuite name="PatternTesting" tests="2" skipped="0" failures="0" errors="0" timestamp="2023-02-23T19:12:39" hostname="MAGGO" time="0.024">
  <properties/>
  <testcase name="checkCommand()" classname="PatternTesting" time="0.022"/>
  <testcase name="checkChainOfResponsibility()" classname="PatternTesting" time="0.001"/>
  <system-out><![CDATA[B066.Transmitter Button has been pressed!
B066.Transmitter Button has been pressed!
]]></system-out>
  <system-err><![CDATA[]]></system-err>
</testsuite>
